Using pre-set license
Built from '2020.3/staging' branch; Version is '2020.3.10f1 (297d780c91bc) revision 2719096'; Using compiler version '192528614'; Build Type 'Release'
OS: 'Windows 10 Pro; OS build 19042.1110; Version 2009; 64bit' Language: 'ru' Physical Memory: 16316 MB
BatchMode: 1, IsHumanControllingUs: 0, StartBugReporterOnCrash: 0, Is64bit: 1, IsPro: 0

 COMMAND LINE ARGUMENTS:
C:\Program Files\2020.3.10f1\Editor\Unity.exe
-adb2
-batchMode
-noUpm
-name
AssetImportWorker0
-projectPath
D:/testLMAO
-logFile
Logs/AssetImportWorker0.log
-srvPort
54633
Successfully changed project path to: D:/testLMAO
D:/testLMAO
Using Asset Import Pipeline V2.
Refreshing native plugins compatible for Editor in 37.52 ms, found 3 plugins.
Preloading 0 native plugins for Editor in 0.00 ms.
Initialize engine version: 2020.3.10f1 (297d780c91bc)
[Subsystems] Discovering subsystems at path C:/Program Files/2020.3.10f1/Editor/Data/Resources/UnitySubsystems
[Subsystems] Discovering subsystems at path D:/testLMAO/Assets
GfxDevice: creating device client; threaded=0
Direct3D:
    Version:  Direct3D 11.0 [level 11.1]
    Renderer: NVIDIA GeForce RTX 2060 SUPER (ID=0x1f06)
    Vendor:   
    VRAM:     8031 MB
    Driver:   30.0.14.7111
Initialize mono
Mono path[0] = 'C:/Program Files/2020.3.10f1/Editor/Data/Managed'
Mono path[1] = 'C:/Program Files/2020.3.10f1/Editor/Data/MonoBleedingEdge/lib/mono/unityjit'
Mono config path = 'C:/Program Files/2020.3.10f1/Editor/Data/MonoBleedingEdge/etc'
Using monoOptions --debugger-agent=transport=dt_socket,embedding=1,server=y,suspend=n,address=127.0.0.1:56692
Begin MonoManager ReloadAssembly
Registering precompiled unity dll's ...
Register platform support module: C:/Program Files/2020.3.10f1/Editor/Data/PlaybackEngines/WindowsStandaloneSupport/UnityEditor.WindowsStandalone.Extensions.dll
Registered in 0.001679 seconds.
Native extension for WindowsStandalone target not found
Refreshing native plugins compatible for Editor in 40.53 ms, found 3 plugins.
Preloading 0 native plugins for Editor in 0.00 ms.
Mono: successfully reloaded assembly
- Completed reload, in  1.955 seconds
Platform modules already initialized, skipping
Registering precompiled user dll's ...
Registered in 0.003059 seconds.
Begin MonoManager ReloadAssembly
Native extension for WindowsStandalone target not found
Refreshing native plugins compatible for Editor in 38.34 ms, found 3 plugins.
Preloading 0 native plugins for Editor in 0.00 ms.
Mono: successfully reloaded assembly
- Completed reload, in  1.098 seconds
Platform modules already initialized, skipping
========================================================================
Worker process is ready to serve import requests
Launched and connected shader compiler UnityShaderCompiler.exe after 0.06 seconds
Refreshing native plugins compatible for Editor in 0.41 ms, found 3 plugins.
Preloading 0 native plugins for Editor in 0.00 ms.
Unloading 2105 Unused Serialized files (Serialized files now loaded: 0)
System memory in use before: 95.4 MB.
System memory in use after: 95.3 MB.

Unloading 35 unused Assets to reduce memory usage. Loaded Objects now: 2542.
Total: 1.988000 ms (FindLiveObjects: 0.185300 ms CreateObjectMapping: 0.081500 ms MarkObjects: 1.602000 ms  DeleteObjects: 0.118100 ms)

========================================================================
Received Import Request.
  path: Assets/Scripts/ButtonScript.cs
  artifactKey: Guid(0443c4d1acf5f2d4283434a6fc556dd9) Importer(815301076,1909f56bfc062723c751e8b465ee728b)
Start importing Assets/Scripts/ButtonScript.cs using Guid(0443c4d1acf5f2d4283434a6fc556dd9) Importer(815301076,1909f56bfc062723c751e8b465ee728b)  -> (artifact id: '167fb28b92e22b142be52cb708bb0b37') in 0.021079 seconds
  Import took 0.024208 seconds .

========================================================================
Received Prepare
Registering precompiled user dll's ...
Registered in 0.002865 seconds.
Begin MonoManager ReloadAssembly
Native extension for WindowsStandalone target not found
Refreshing native plugins compatible for Editor in 0.46 ms, found 3 plugins.
Preloading 0 native plugins for Editor in 0.00 ms.
Mono: successfully reloaded assembly
- Completed reload, in  1.285 seconds
Platform modules already initialized, skipping
Refreshing native plugins compatible for Editor in 0.43 ms, found 3 plugins.
Preloading 0 native plugins for Editor in 0.00 ms.
Unloading 2087 Unused Serialized files (Serialized files now loaded: 0)
System memory in use before: 94.1 MB.
System memory in use after: 94.0 MB.

Unloading 23 unused Assets to reduce memory usage. Loaded Objects now: 2546.
Total: 3.513500 ms (FindLiveObjects: 0.272100 ms CreateObjectMapping: 0.115300 ms MarkObjects: 3.014800 ms  DeleteObjects: 0.110200 ms)

========================================================================
Received Import Request.
  Time since last request: 1000.828134 seconds.
  path: Assets/Prefab/Element 1.prefab
  artifactKey: Guid(24183643730a34e4ba42f34f962eb00d) Importer(815301076,1909f56bfc062723c751e8b465ee728b)
Start importing Assets/Prefab/Element 1.prefab using Guid(24183643730a34e4ba42f34f962eb00d) Importer(815301076,1909f56bfc062723c751e8b465ee728b)  -> (artifact id: 'd286b2e8d8214e9b346e11e9e06fd88e') in 0.090185 seconds
  Import took 0.110209 seconds .

========================================================================
Received Import Request.
  Time since last request: 1.174460 seconds.
  path: Assets/TextMesh Pro/Resources/Style Sheets/Default Style Sheet.asset
  artifactKey: Guid(f952c082cb03451daed3ee968ac6c63e) Importer(815301076,1909f56bfc062723c751e8b465ee728b)
Start importing Assets/TextMesh Pro/Resources/Style Sheets/Default Style Sheet.asset using Guid(f952c082cb03451daed3ee968ac6c63e) Importer(815301076,1909f56bfc062723c751e8b465ee728b)  -> (artifact id: '99846f5a5cef2b9fb3476a6a84d35918') in 0.008166 seconds
  Import took 0.011041 seconds .

========================================================================
Received Import Request.
  Time since last request: 2.943571 seconds.
  path: Assets/Prefab/Element 1.prefab
  artifactKey: Guid(24183643730a34e4ba42f34f962eb00d) Importer(815301076,1909f56bfc062723c751e8b465ee728b)
Start importing Assets/Prefab/Element 1.prefab using Guid(24183643730a34e4ba42f34f962eb00d) Importer(815301076,1909f56bfc062723c751e8b465ee728b)  -> (artifact id: 'a97e1b8d197dfc16afae9b4dfa8a7f63') in 0.022416 seconds
  Import took 0.025922 seconds .

========================================================================
Received Import Request.
  Time since last request: 0.005651 seconds.
  path: Assets/Prefab/Element 1.prefab
  artifactKey: Guid(24183643730a34e4ba42f34f962eb00d) Importer(815301076,1909f56bfc062723c751e8b465ee728b)
Start importing Assets/Prefab/Element 1.prefab using Guid(24183643730a34e4ba42f34f962eb00d) Importer(815301076,1909f56bfc062723c751e8b465ee728b)  -> (artifact id: 'a97e1b8d197dfc16afae9b4dfa8a7f63') in 0.023189 seconds
  Import took 0.026182 seconds .

========================================================================
Received Import Request.
  Time since last request: 37.649351 seconds.
  path: Assets/Prefab/Element 1.prefab
  artifactKey: Guid(24183643730a34e4ba42f34f962eb00d) Importer(815301076,1909f56bfc062723c751e8b465ee728b)
Start importing Assets/Prefab/Element 1.prefab using Guid(24183643730a34e4ba42f34f962eb00d) Importer(815301076,1909f56bfc062723c751e8b465ee728b)  -> (artifact id: '344f3f0c540198ddd7ae04f0533b318b') in 0.022805 seconds
  Import took 0.026115 seconds .

========================================================================
Received Import Request.
  Time since last request: 0.030253 seconds.
  path: Assets/Prefab/Element 1.prefab
  artifactKey: Guid(24183643730a34e4ba42f34f962eb00d) Importer(815301076,1909f56bfc062723c751e8b465ee728b)
Start importing Assets/Prefab/Element 1.prefab using Guid(24183643730a34e4ba42f34f962eb00d) Importer(815301076,1909f56bfc062723c751e8b465ee728b)  -> (artifact id: '344f3f0c540198ddd7ae04f0533b318b') in 0.022068 seconds
  Import took 0.025504 seconds .

========================================================================
Received Import Request.
  Time since last request: 4.314788 seconds.
  path: Assets/Prefab/Element 1.prefab
  artifactKey: Guid(24183643730a34e4ba42f34f962eb00d) Importer(815301076,1909f56bfc062723c751e8b465ee728b)
Start importing Assets/Prefab/Element 1.prefab using Guid(24183643730a34e4ba42f34f962eb00d) Importer(815301076,1909f56bfc062723c751e8b465ee728b)  -> (artifact id: '557bde91341401ca9a20a2be42e753b9') in 0.023383 seconds
  Import took 0.026498 seconds .

========================================================================
Received Import Request.
  Time since last request: 8.191165 seconds.
  path: Assets/Prefab/Element 1.prefab
  artifactKey: Guid(24183643730a34e4ba42f34f962eb00d) Importer(815301076,1909f56bfc062723c751e8b465ee728b)
Start importing Assets/Prefab/Element 1.prefab using Guid(24183643730a34e4ba42f34f962eb00d) Importer(815301076,1909f56bfc062723c751e8b465ee728b)  -> (artifact id: '93be35352cc762ed5008e18dfed679fa') in 0.022046 seconds
  Import took 0.042247 seconds .

========================================================================
Received Import Request.
  Time since last request: 0.004915 seconds.
  path: Assets/Prefab/Element 1.prefab
  artifactKey: Guid(24183643730a34e4ba42f34f962eb00d) Importer(815301076,1909f56bfc062723c751e8b465ee728b)
Start importing Assets/Prefab/Element 1.prefab using Guid(24183643730a34e4ba42f34f962eb00d) Importer(815301076,1909f56bfc062723c751e8b465ee728b)  -> (artifact id: '93be35352cc762ed5008e18dfed679fa') in 0.021578 seconds
  Import took 0.024881 seconds .

========================================================================
Received Import Request.
  Time since last request: 17.481739 seconds.
  path: Assets/Prefab/Element 1.prefab
  artifactKey: Guid(24183643730a34e4ba42f34f962eb00d) Importer(815301076,1909f56bfc062723c751e8b465ee728b)
Start importing Assets/Prefab/Element 1.prefab using Guid(24183643730a34e4ba42f34f962eb00d) Importer(815301076,1909f56bfc062723c751e8b465ee728b)  -> (artifact id: 'bd03e579010cd560609bf1fa9f9bc38e') in 0.023703 seconds
  Import took 0.027257 seconds .

========================================================================
Received Import Request.
  Time since last request: 0.013686 seconds.
  path: Assets/Prefab/Element 1.prefab
  artifactKey: Guid(24183643730a34e4ba42f34f962eb00d) Importer(815301076,1909f56bfc062723c751e8b465ee728b)
Start importing Assets/Prefab/Element 1.prefab using Guid(24183643730a34e4ba42f34f962eb00d) Importer(815301076,1909f56bfc062723c751e8b465ee728b)  -> (artifact id: 'bd03e579010cd560609bf1fa9f9bc38e') in 0.021334 seconds
  Import took 0.024414 seconds .

========================================================================
Received Import Request.
  Time since last request: 2.571284 seconds.
  path: Assets/Prefab/Element 1.prefab
  artifactKey: Guid(24183643730a34e4ba42f34f962eb00d) Importer(815301076,1909f56bfc062723c751e8b465ee728b)
Start importing Assets/Prefab/Element 1.prefab using Guid(24183643730a34e4ba42f34f962eb00d) Importer(815301076,1909f56bfc062723c751e8b465ee728b)  -> (artifact id: 'ac0f869ad5c8844bca5397cfa9b90a94') in 0.021860 seconds
  Import took 0.025056 seconds .

========================================================================
Received Import Request.
  Time since last request: 1.781029 seconds.
  path: Assets/Prefab/Element 1.prefab
  artifactKey: Guid(24183643730a34e4ba42f34f962eb00d) Importer(815301076,1909f56bfc062723c751e8b465ee728b)
Start importing Assets/Prefab/Element 1.prefab using Guid(24183643730a34e4ba42f34f962eb00d) Importer(815301076,1909f56bfc062723c751e8b465ee728b)  -> (artifact id: 'ccb76352a0707bdfd77b3607142a8e9a') in 0.022222 seconds
  Import took 0.042872 seconds .

========================================================================
Received Import Request.
  Time since last request: 8.427566 seconds.
  path: Assets/Prefab/Element 1.prefab
  artifactKey: Guid(24183643730a34e4ba42f34f962eb00d) Importer(815301076,1909f56bfc062723c751e8b465ee728b)
Start importing Assets/Prefab/Element 1.prefab using Guid(24183643730a34e4ba42f34f962eb00d) Importer(815301076,1909f56bfc062723c751e8b465ee728b)  -> (artifact id: 'bb92a4b3030bcd36fd0e73fe354c5917') in 0.021766 seconds
  Import took 0.024869 seconds .

========================================================================
Received Prepare
Registering precompiled user dll's ...
Registered in 0.002838 seconds.
Begin MonoManager ReloadAssembly
Native extension for WindowsStandalone target not found
Refreshing native plugins compatible for Editor in 0.41 ms, found 3 plugins.
Preloading 0 native plugins for Editor in 0.00 ms.
Mono: successfully reloaded assembly
- Completed reload, in  0.892 seconds
Platform modules already initialized, skipping
Refreshing native plugins compatible for Editor in 0.47 ms, found 3 plugins.
Preloading 0 native plugins for Editor in 0.00 ms.
Unloading 2087 Unused Serialized files (Serialized files now loaded: 0)
System memory in use before: 94.1 MB.
System memory in use after: 94.1 MB.

Unloading 24 unused Assets to reduce memory usage. Loaded Objects now: 2550.
Total: 1.895900 ms (FindLiveObjects: 0.166100 ms CreateObjectMapping: 0.064500 ms MarkObjects: 1.565600 ms  DeleteObjects: 0.098800 ms)

========================================================================
Received Import Request.
  Time since last request: 144.593475 seconds.
  path: Assets/Prefab/Element 1.prefab
  artifactKey: Guid(24183643730a34e4ba42f34f962eb00d) Importer(815301076,1909f56bfc062723c751e8b465ee728b)
Start importing Assets/Prefab/Element 1.prefab using Guid(24183643730a34e4ba42f34f962eb00d) Importer(815301076,1909f56bfc062723c751e8b465ee728b)  -> (artifact id: '2f84c34e77a282e3a50124d4e238bae7') in 0.073434 seconds
  Import took 0.089158 seconds .

========================================================================
Received Prepare
Registering precompiled user dll's ...
Registered in 0.002355 seconds.
Begin MonoManager ReloadAssembly
Native extension for WindowsStandalone target not found
Refreshing native plugins compatible for Editor in 0.43 ms, found 3 plugins.
Preloading 0 native plugins for Editor in 0.00 ms.
Mono: successfully reloaded assembly
- Completed reload, in  0.892 seconds
Platform modules already initialized, skipping
Refreshing native plugins compatible for Editor in 0.43 ms, found 3 plugins.
Preloading 0 native plugins for Editor in 0.00 ms.
Unloading 2087 Unused Serialized files (Serialized files now loaded: 0)
System memory in use before: 94.2 MB.
System memory in use after: 94.2 MB.

Unloading 24 unused Assets to reduce memory usage. Loaded Objects now: 2554.
Total: 1.986900 ms (FindLiveObjects: 0.161000 ms CreateObjectMapping: 0.064100 ms MarkObjects: 1.666100 ms  DeleteObjects: 0.094800 ms)

========================================================================
Received Prepare
Registering precompiled user dll's ...
Registered in 0.002597 seconds.
Begin MonoManager ReloadAssembly
Native extension for WindowsStandalone target not found
Refreshing native plugins compatible for Editor in 0.42 ms, found 3 plugins.
Preloading 0 native plugins for Editor in 0.00 ms.
Mono: successfully reloaded assembly
- Completed reload, in  0.880 seconds
Platform modules already initialized, skipping
Refreshing native plugins compatible for Editor in 0.41 ms, found 3 plugins.
Preloading 0 native plugins for Editor in 0.00 ms.
Unloading 2087 Unused Serialized files (Serialized files now loaded: 0)
System memory in use before: 94.2 MB.
System memory in use after: 94.2 MB.

Unloading 23 unused Assets to reduce memory usage. Loaded Objects now: 2558.
Total: 2.019800 ms (FindLiveObjects: 0.162500 ms CreateObjectMapping: 0.065800 ms MarkObjects: 1.698000 ms  DeleteObjects: 0.092800 ms)

========================================================================
Received Prepare
Registering precompiled user dll's ...
Registered in 0.002348 seconds.
Begin MonoManager ReloadAssembly
Native extension for WindowsStandalone target not found
Refreshing native plugins compatible for Editor in 0.42 ms, found 3 plugins.
Preloading 0 native plugins for Editor in 0.00 ms.
Mono: successfully reloaded assembly
- Completed reload, in  0.859 seconds
Platform modules already initialized, skipping
Refreshing native plugins compatible for Editor in 0.43 ms, found 3 plugins.
Preloading 0 native plugins for Editor in 0.00 ms.
Unloading 2087 Unused Serialized files (Serialized files now loaded: 0)
System memory in use before: 94.2 MB.
System memory in use after: 94.2 MB.

Unloading 23 unused Assets to reduce memory usage. Loaded Objects now: 2562.
Total: 1.948000 ms (FindLiveObjects: 0.161900 ms CreateObjectMapping: 0.062800 ms MarkObjects: 1.632400 ms  DeleteObjects: 0.089900 ms)

========================================================================
Received Prepare
Registering precompiled user dll's ...
Registered in 0.002288 seconds.
Begin MonoManager ReloadAssembly
Native extension for WindowsStandalone target not found
Refreshing native plugins compatible for Editor in 0.43 ms, found 3 plugins.
Preloading 0 native plugins for Editor in 0.00 ms.
Mono: successfully reloaded assembly
- Completed reload, in  0.897 seconds
Platform modules already initialized, skipping
Refreshing native plugins compatible for Editor in 0.43 ms, found 3 plugins.
Preloading 0 native plugins for Editor in 0.00 ms.
Unloading 2087 Unused Serialized files (Serialized files now loaded: 0)
System memory in use before: 94.2 MB.
System memory in use after: 94.2 MB.

Unloading 23 unused Assets to reduce memory usage. Loaded Objects now: 2566.
Total: 2.162200 ms (FindLiveObjects: 0.185500 ms CreateObjectMapping: 0.120100 ms MarkObjects: 1.754300 ms  DeleteObjects: 0.101700 ms)

========================================================================
Received Prepare
Registering precompiled user dll's ...
Registered in 0.002872 seconds.
Begin MonoManager ReloadAssembly
Native extension for WindowsStandalone target not found
Refreshing native plugins compatible for Editor in 0.51 ms, found 3 plugins.
Preloading 0 native plugins for Editor in 0.00 ms.
Mono: successfully reloaded assembly
- Completed reload, in  1.013 seconds
Platform modules already initialized, skipping
Refreshing native plugins compatible for Editor in 0.46 ms, found 3 plugins.
Preloading 0 native plugins for Editor in 0.00 ms.
Unloading 2087 Unused Serialized files (Serialized files now loaded: 0)
System memory in use before: 94.2 MB.
System memory in use after: 94.2 MB.

Unloading 23 unused Assets to reduce memory usage. Loaded Objects now: 2570.
Total: 1.893100 ms (FindLiveObjects: 0.174200 ms CreateObjectMapping: 0.072100 ms MarkObjects: 1.551800 ms  DeleteObjects: 0.094100 ms)

========================================================================
Received Prepare
Registering precompiled user dll's ...
Registered in 0.002376 seconds.
Begin MonoManager ReloadAssembly
Native extension for WindowsStandalone target not found
Refreshing native plugins compatible for Editor in 0.47 ms, found 3 plugins.
Preloading 0 native plugins for Editor in 0.00 ms.
Mono: successfully reloaded assembly
- Completed reload, in  1.018 seconds
Platform modules already initialized, skipping
Refreshing native plugins compatible for Editor in 0.43 ms, found 3 plugins.
Preloading 0 native plugins for Editor in 0.00 ms.
Unloading 2087 Unused Serialized files (Serialized files now loaded: 0)
System memory in use before: 94.2 MB.
System memory in use after: 94.2 MB.

Unloading 23 unused Assets to reduce memory usage. Loaded Objects now: 2574.
Total: 2.354000 ms (FindLiveObjects: 0.178000 ms CreateObjectMapping: 0.074900 ms MarkObjects: 2.001100 ms  DeleteObjects: 0.099200 ms)

========================================================================
Received Prepare
Registering precompiled user dll's ...
Registered in 0.002451 seconds.
Begin MonoManager ReloadAssembly
Native extension for WindowsStandalone target not found
Refreshing native plugins compatible for Editor in 0.44 ms, found 3 plugins.
Preloading 0 native plugins for Editor in 0.00 ms.
Mono: successfully reloaded assembly
- Completed reload, in  0.879 seconds
Platform modules already initialized, skipping
Refreshing native plugins compatible for Editor in 0.42 ms, found 3 plugins.
Preloading 0 native plugins for Editor in 0.00 ms.
Unloading 2087 Unused Serialized files (Serialized files now loaded: 0)
System memory in use before: 94.2 MB.
System memory in use after: 94.2 MB.

Unloading 23 unused Assets to reduce memory usage. Loaded Objects now: 2578.
Total: 1.996200 ms (FindLiveObjects: 0.167000 ms CreateObjectMapping: 0.059300 ms MarkObjects: 1.676300 ms  DeleteObjects: 0.092500 ms)

========================================================================
Received Prepare
Registering precompiled user dll's ...
Registered in 0.002553 seconds.
Begin MonoManager ReloadAssembly
Native extension for WindowsStandalone target not found
Refreshing native plugins compatible for Editor in 0.47 ms, found 3 plugins.
Preloading 0 native plugins for Editor in 0.00 ms.
Mono: successfully reloaded assembly
- Completed reload, in  0.866 seconds
Platform modules already initialized, skipping
Refreshing native plugins compatible for Editor in 0.41 ms, found 3 plugins.
Preloading 0 native plugins for Editor in 0.00 ms.
Unloading 2087 Unused Serialized files (Serialized files now loaded: 0)
System memory in use before: 94.2 MB.
System memory in use after: 94.2 MB.

Unloading 23 unused Assets to reduce memory usage. Loaded Objects now: 2582.
Total: 1.939300 ms (FindLiveObjects: 0.161400 ms CreateObjectMapping: 0.064200 ms MarkObjects: 1.618500 ms  DeleteObjects: 0.094400 ms)

========================================================================
Received Prepare
Registering precompiled user dll's ...
Registered in 0.003189 seconds.
Begin MonoManager ReloadAssembly
Native extension for WindowsStandalone target not found
Refreshing native plugins compatible for Editor in 0.47 ms, found 3 plugins.
Preloading 0 native plugins for Editor in 0.00 ms.
Mono: successfully reloaded assembly
- Completed reload, in  0.889 seconds
Platform modules already initialized, skipping
Refreshing native plugins compatible for Editor in 0.42 ms, found 3 plugins.
Preloading 0 native plugins for Editor in 0.00 ms.
Unloading 2087 Unused Serialized files (Serialized files now loaded: 0)
System memory in use before: 94.2 MB.
System memory in use after: 94.2 MB.

Unloading 23 unused Assets to reduce memory usage. Loaded Objects now: 2586.
Total: 1.925400 ms (FindLiveObjects: 0.170300 ms CreateObjectMapping: 0.065400 ms MarkObjects: 1.591500 ms  DeleteObjects: 0.097300 ms)

========================================================================
Received Prepare
Registering precompiled user dll's ...
Registered in 0.002581 seconds.
Begin MonoManager ReloadAssembly
Native extension for WindowsStandalone target not found
Refreshing native plugins compatible for Editor in 0.41 ms, found 3 plugins.
Preloading 0 native plugins for Editor in 0.00 ms.
Mono: successfully reloaded assembly
- Completed reload, in  0.853 seconds
Platform modules already initialized, skipping
Refreshing native plugins compatible for Editor in 0.44 ms, found 3 plugins.
Preloading 0 native plugins for Editor in 0.00 ms.
Unloading 2087 Unused Serialized files (Serialized files now loaded: 0)
System memory in use before: 94.3 MB.
System memory in use after: 94.2 MB.

Unloading 23 unused Assets to reduce memory usage. Loaded Objects now: 2590.
Total: 2.015200 ms (FindLiveObjects: 0.196100 ms CreateObjectMapping: 0.070400 ms MarkObjects: 1.654300 ms  DeleteObjects: 0.093700 ms)

========================================================================
Received Prepare
Registering precompiled user dll's ...
Registered in 0.002315 seconds.
Begin MonoManager ReloadAssembly
Native extension for WindowsStandalone target not found
Refreshing native plugins compatible for Editor in 0.41 ms, found 3 plugins.
Preloading 0 native plugins for Editor in 0.00 ms.
Mono: successfully reloaded assembly
- Completed reload, in  0.875 seconds
Platform modules already initialized, skipping
Refreshing native plugins compatible for Editor in 0.57 ms, found 3 plugins.
Preloading 0 native plugins for Editor in 0.00 ms.
Unloading 2087 Unused Serialized files (Serialized files now loaded: 0)
System memory in use before: 94.3 MB.
System memory in use after: 94.2 MB.

Unloading 23 unused Assets to reduce memory usage. Loaded Objects now: 2594.
Total: 1.935900 ms (FindLiveObjects: 0.168400 ms CreateObjectMapping: 0.066900 ms MarkObjects: 1.604900 ms  DeleteObjects: 0.095000 ms)

========================================================================
Received Prepare
Registering precompiled user dll's ...
Registered in 0.002415 seconds.
Begin MonoManager ReloadAssembly
Native extension for WindowsStandalone target not found
Refreshing native plugins compatible for Editor in 0.42 ms, found 3 plugins.
Preloading 0 native plugins for Editor in 0.00 ms.
Mono: successfully reloaded assembly
- Completed reload, in  0.917 seconds
Platform modules already initialized, skipping
Refreshing native plugins compatible for Editor in 0.43 ms, found 3 plugins.
Preloading 0 native plugins for Editor in 0.00 ms.
Unloading 2087 Unused Serialized files (Serialized files now loaded: 0)
System memory in use before: 94.3 MB.
System memory in use after: 94.3 MB.

Unloading 23 unused Assets to reduce memory usage. Loaded Objects now: 2598.
Total: 2.015100 ms (FindLiveObjects: 0.188100 ms CreateObjectMapping: 0.077100 ms MarkObjects: 1.650400 ms  DeleteObjects: 0.098700 ms)

========================================================================
Received Prepare
Registering precompiled user dll's ...
Registered in 0.002343 seconds.
Begin MonoManager ReloadAssembly
Native extension for WindowsStandalone target not found
Refreshing native plugins compatible for Editor in 0.42 ms, found 3 plugins.
Preloading 0 native plugins for Editor in 0.00 ms.
Mono: successfully reloaded assembly
- Completed reload, in  0.904 seconds
Platform modules already initialized, skipping
Refreshing native plugins compatible for Editor in 0.43 ms, found 3 plugins.
Preloading 0 native plugins for Editor in 0.00 ms.
Unloading 2087 Unused Serialized files (Serialized files now loaded: 0)
System memory in use before: 94.3 MB.
System memory in use after: 94.3 MB.

Unloading 23 unused Assets to reduce memory usage. Loaded Objects now: 2602.
Total: 2.001800 ms (FindLiveObjects: 0.175000 ms CreateObjectMapping: 0.069200 ms MarkObjects: 1.656200 ms  DeleteObjects: 0.100500 ms)

========================================================================
Received Prepare
Registering precompiled user dll's ...
Registered in 0.002302 seconds.
Begin MonoManager ReloadAssembly
Native extension for WindowsStandalone target not found
Refreshing native plugins compatible for Editor in 0.43 ms, found 3 plugins.
Preloading 0 native plugins for Editor in 0.00 ms.
Mono: successfully reloaded assembly
- Completed reload, in  0.866 seconds
Platform modules already initialized, skipping
Refreshing native plugins compatible for Editor in 0.42 ms, found 3 plugins.
Preloading 0 native plugins for Editor in 0.00 ms.
Unloading 2087 Unused Serialized files (Serialized files now loaded: 0)
System memory in use before: 94.3 MB.
System memory in use after: 94.3 MB.

Unloading 23 unused Assets to reduce memory usage. Loaded Objects now: 2606.
Total: 1.963600 ms (FindLiveObjects: 0.169700 ms CreateObjectMapping: 0.066900 ms MarkObjects: 1.632000 ms  DeleteObjects: 0.094400 ms)

========================================================================
Received Prepare
Registering precompiled user dll's ...
Registered in 0.002296 seconds.
Begin MonoManager ReloadAssembly
Native extension for WindowsStandalone target not found
Refreshing native plugins compatible for Editor in 0.43 ms, found 3 plugins.
Preloading 0 native plugins for Editor in 0.00 ms.
Mono: successfully reloaded assembly
- Completed reload, in  0.870 seconds
Platform modules already initialized, skipping
Refreshing native plugins compatible for Editor in 0.43 ms, found 3 plugins.
Preloading 0 native plugins for Editor in 0.00 ms.
Unloading 2087 Unused Serialized files (Serialized files now loaded: 0)
System memory in use before: 94.3 MB.
System memory in use after: 94.3 MB.

Unloading 23 unused Assets to reduce memory usage. Loaded Objects now: 2610.
Total: 2.006500 ms (FindLiveObjects: 0.165800 ms CreateObjectMapping: 0.067900 ms MarkObjects: 1.676000 ms  DeleteObjects: 0.095900 ms)

========================================================================
Received Prepare
Registering precompiled user dll's ...
Registered in 0.002291 seconds.
Begin MonoManager ReloadAssembly
Native extension for WindowsStandalone target not found
Refreshing native plugins compatible for Editor in 0.42 ms, found 3 plugins.
Preloading 0 native plugins for Editor in 0.00 ms.
Mono: successfully reloaded assembly
- Completed reload, in  0.890 seconds
Platform modules already initialized, skipping
Refreshing native plugins compatible for Editor in 0.42 ms, found 3 plugins.
Preloading 0 native plugins for Editor in 0.00 ms.
Unloading 2087 Unused Serialized files (Serialized files now loaded: 0)
System memory in use before: 94.3 MB.
System memory in use after: 94.3 MB.

Unloading 23 unused Assets to reduce memory usage. Loaded Objects now: 2614.
Total: 2.122800 ms (FindLiveObjects: 0.223700 ms CreateObjectMapping: 0.092500 ms MarkObjects: 1.707200 ms  DeleteObjects: 0.098300 ms)

========================================================================
Received Prepare
Registering precompiled user dll's ...
Registered in 0.002310 seconds.
Begin MonoManager ReloadAssembly
Native extension for WindowsStandalone target not found
Refreshing native plugins compatible for Editor in 0.62 ms, found 3 plugins.
Preloading 0 native plugins for Editor in 0.00 ms.
Mono: successfully reloaded assembly
- Completed reload, in  0.868 seconds
Platform modules already initialized, skipping
Refreshing native plugins compatible for Editor in 0.44 ms, found 3 plugins.
Preloading 0 native plugins for Editor in 0.00 ms.
Unloading 2087 Unused Serialized files (Serialized files now loaded: 0)
System memory in use before: 94.3 MB.
System memory in use after: 94.3 MB.

Unloading 23 unused Assets to reduce memory usage. Loaded Objects now: 2618.
Total: 1.855900 ms (FindLiveObjects: 0.167900 ms CreateObjectMapping: 0.066100 ms MarkObjects: 1.528100 ms  DeleteObjects: 0.092600 ms)

========================================================================
Received Prepare
Registering precompiled user dll's ...
Registered in 0.002579 seconds.
Begin MonoManager ReloadAssembly
Native extension for WindowsStandalone target not found
Refreshing native plugins compatible for Editor in 0.41 ms, found 3 plugins.
Preloading 0 native plugins for Editor in 0.00 ms.
Mono: successfully reloaded assembly
- Completed reload, in  0.895 seconds
Platform modules already initialized, skipping
Refreshing native plugins compatible for Editor in 0.41 ms, found 3 plugins.
Preloading 0 native plugins for Editor in 0.00 ms.
Unloading 2087 Unused Serialized files (Serialized files now loaded: 0)
System memory in use before: 94.3 MB.
System memory in use after: 94.3 MB.

Unloading 23 unused Assets to reduce memory usage. Loaded Objects now: 2622.
Total: 2.081000 ms (FindLiveObjects: 0.167200 ms CreateObjectMapping: 0.063300 ms MarkObjects: 1.737800 ms  DeleteObjects: 0.111800 ms)

========================================================================
Received Prepare
Registering precompiled user dll's ...
Registered in 0.003312 seconds.
Begin MonoManager ReloadAssembly
Native extension for WindowsStandalone target not found
Refreshing native plugins compatible for Editor in 0.55 ms, found 3 plugins.
Preloading 0 native plugins for Editor in 0.00 ms.
Mono: successfully reloaded assembly
- Completed reload, in  0.968 seconds
Platform modules already initialized, skipping
Refreshing native plugins compatible for Editor in 0.91 ms, found 3 plugins.
Preloading 0 native plugins for Editor in 0.00 ms.
Unloading 2088 Unused Serialized files (Serialized files now loaded: 0)
System memory in use before: 94.4 MB.
System memory in use after: 94.3 MB.

Unloading 23 unused Assets to reduce memory usage. Loaded Objects now: 2627.
Total: 3.304200 ms (FindLiveObjects: 0.220100 ms CreateObjectMapping: 0.091400 ms MarkObjects: 2.863600 ms  DeleteObjects: 0.127800 ms)

========================================================================
Received Import Request.
  Time since last request: 1943.562233 seconds.
  path: Assets/Scripts/AssetSO.cs
  artifactKey: Guid(b87dbb50f0af8484ea4cc12c3083d732) Importer(815301076,1909f56bfc062723c751e8b465ee728b)
Start importing Assets/Scripts/AssetSO.cs using Guid(b87dbb50f0af8484ea4cc12c3083d732) Importer(815301076,1909f56bfc062723c751e8b465ee728b)  -> (artifact id: '6f748a3c93818b5a1f274a100944381b') in 0.012219 seconds
  Import took 0.017654 seconds .

========================================================================
Received Prepare
Registering precompiled user dll's ...
Registered in 0.002282 seconds.
Begin MonoManager ReloadAssembly
Native extension for WindowsStandalone target not found
Refreshing native plugins compatible for Editor in 0.44 ms, found 3 plugins.
Preloading 0 native plugins for Editor in 0.00 ms.
Mono: successfully reloaded assembly
- Completed reload, in  0.897 seconds
Platform modules already initialized, skipping
Refreshing native plugins compatible for Editor in 0.45 ms, found 3 plugins.
Preloading 0 native plugins for Editor in 0.00 ms.
Unloading 2088 Unused Serialized files (Serialized files now loaded: 0)
System memory in use before: 94.4 MB.
System memory in use after: 94.3 MB.

Unloading 23 unused Assets to reduce memory usage. Loaded Objects now: 2631.
Total: 2.101200 ms (FindLiveObjects: 0.177100 ms CreateObjectMapping: 0.068200 ms MarkObjects: 1.755200 ms  DeleteObjects: 0.099800 ms)

========================================================================
Received Prepare
Registering precompiled user dll's ...
Registered in 0.002482 seconds.
Begin MonoManager ReloadAssembly
Native extension for WindowsStandalone target not found
Refreshing native plugins compatible for Editor in 0.50 ms, found 3 plugins.
Preloading 0 native plugins for Editor in 0.00 ms.
Mono: successfully reloaded assembly
- Completed reload, in  0.876 seconds
Platform modules already initialized, skipping
Refreshing native plugins compatible for Editor in 0.44 ms, found 3 plugins.
Preloading 0 native plugins for Editor in 0.00 ms.
Unloading 2088 Unused Serialized files (Serialized files now loaded: 0)
System memory in use before: 94.4 MB.
System memory in use after: 94.3 MB.

Unloading 23 unused Assets to reduce memory usage. Loaded Objects now: 2635.
Total: 1.926700 ms (FindLiveObjects: 0.167900 ms CreateObjectMapping: 0.064900 ms MarkObjects: 1.598900 ms  DeleteObjects: 0.094100 ms)

========================================================================
Received Prepare
Registering precompiled user dll's ...
Registered in 0.002285 seconds.
Begin MonoManager ReloadAssembly
Native extension for WindowsStandalone target not found
Refreshing native plugins compatible for Editor in 0.41 ms, found 3 plugins.
Preloading 0 native plugins for Editor in 0.00 ms.
Mono: successfully reloaded assembly
- Completed reload, in  0.866 seconds
Platform modules already initialized, skipping
Refreshing native plugins compatible for Editor in 0.43 ms, found 3 plugins.
Preloading 0 native plugins for Editor in 0.00 ms.
Unloading 2088 Unused Serialized files (Serialized files now loaded: 0)
System memory in use before: 94.4 MB.
System memory in use after: 94.4 MB.

Unloading 23 unused Assets to reduce memory usage. Loaded Objects now: 2639.
Total: 2.068900 ms (FindLiveObjects: 0.169200 ms CreateObjectMapping: 0.067700 ms MarkObjects: 1.736100 ms  DeleteObjects: 0.094700 ms)

========================================================================
Received Import Request.
  Time since last request: 280.521459 seconds.
  path: Assets/Scripts/AssetSO.cs
  artifactKey: Guid(b87dbb50f0af8484ea4cc12c3083d732) Importer(815301076,1909f56bfc062723c751e8b465ee728b)
Start importing Assets/Scripts/AssetSO.cs using Guid(b87dbb50f0af8484ea4cc12c3083d732) Importer(815301076,1909f56bfc062723c751e8b465ee728b)  -> (artifact id: 'ee4550654c4919e46670f69038d33218') in 0.003748 seconds
  Import took 0.006438 seconds .

========================================================================
Received Import Request.
  Time since last request: 26.817591 seconds.
  path: Assets/asset.asset
  artifactKey: Guid(5ed72fc3a1e1d254d9150a01b38681e8) Importer(815301076,1909f56bfc062723c751e8b465ee728b)
Start importing Assets/asset.asset using Guid(5ed72fc3a1e1d254d9150a01b38681e8) Importer(815301076,1909f56bfc062723c751e8b465ee728b)  -> (artifact id: '89b63c5b545a20544d38e2cbf891ccb3') in 0.029774 seconds
  Import took 0.032909 seconds .

========================================================================
Received Import Request.
  Time since last request: 37.563598 seconds.
  path: Assets/Plugins/Demigiant/DOTween/Editor/Imgs/DOTweenIcon.png
  artifactKey: Guid(8da095e39e9b4df488dfd436f81116d6) Importer(815301076,1909f56bfc062723c751e8b465ee728b)
Start importing Assets/Plugins/Demigiant/DOTween/Editor/Imgs/DOTweenIcon.png using Guid(8da095e39e9b4df488dfd436f81116d6) Importer(815301076,1909f56bfc062723c751e8b465ee728b)  -> (artifact id: '2388a4dbfaeb84b0169f4f3cffc27af4') in 0.094343 seconds
  Import took 0.097881 seconds .

========================================================================
Received Import Request.
  Time since last request: 0.000286 seconds.
  path: Assets/Plugins/Demigiant/DOTween/Editor/Imgs/Header.jpg
  artifactKey: Guid(78a59ca99f8987941adb61f9e14a06a7) Importer(815301076,1909f56bfc062723c751e8b465ee728b)
Start importing Assets/Plugins/Demigiant/DOTween/Editor/Imgs/Header.jpg using Guid(78a59ca99f8987941adb61f9e14a06a7) Importer(815301076,1909f56bfc062723c751e8b465ee728b)  -> (artifact id: 'd489c87f8f444462b8c773d9ac576812') in 0.089841 seconds
  Import took 0.093230 seconds .

========================================================================
Received Import Request.
  Time since last request: 0.000205 seconds.
  path: Assets/Plugins/Demigiant/DOTween/Editor/Imgs/Footer.png
  artifactKey: Guid(7051dba417b3d53409f2918f1ea4938d) Importer(815301076,1909f56bfc062723c751e8b465ee728b)
Start importing Assets/Plugins/Demigiant/DOTween/Editor/Imgs/Footer.png using Guid(7051dba417b3d53409f2918f1ea4938d) Importer(815301076,1909f56bfc062723c751e8b465ee728b)  -> (artifact id: '90c611381be1aa2c9bb8f9f917fed784') in 0.080934 seconds
  Import took 0.084196 seconds .

========================================================================
Received Import Request.
  Time since last request: 0.000217 seconds.
  path: Assets/Plugins/Demigiant/DOTween/Editor/Imgs/Footer_dark.png
  artifactKey: Guid(519694efe2bb2914788b151fbd8c01f4) Importer(815301076,1909f56bfc062723c751e8b465ee728b)
Start importing Assets/Plugins/Demigiant/DOTween/Editor/Imgs/Footer_dark.png using Guid(519694efe2bb2914788b151fbd8c01f4) Importer(815301076,1909f56bfc062723c751e8b465ee728b)  -> (artifact id: 'dd44845e604df907e7d39288d13cb467') in 0.029170 seconds
  Import took 0.032052 seconds .

========================================================================
Received Import Request.
  Time since last request: 0.000233 seconds.
  path: Assets/Plugins/Demigiant/DOTween/Editor/Imgs/DOTweenIcon.png
  artifactKey: Guid(8da095e39e9b4df488dfd436f81116d6) Importer(815301076,1909f56bfc062723c751e8b465ee728b)
Start importing Assets/Plugins/Demigiant/DOTween/Editor/Imgs/DOTweenIcon.png using Guid(8da095e39e9b4df488dfd436f81116d6) Importer(815301076,1909f56bfc062723c751e8b465ee728b)  -> (artifact id: '2388a4dbfaeb84b0169f4f3cffc27af4') in 0.006131 seconds
  Import took 0.008918 seconds .

========================================================================
Received Import Request.
  Time since last request: 0.000221 seconds.
  path: Assets/TextMesh Pro/Sprites/EmojiOne.png
  artifactKey: Guid(dffef66376be4fa480fb02b19edbe903) Importer(815301076,1909f56bfc062723c751e8b465ee728b)
Start importing Assets/TextMesh Pro/Sprites/EmojiOne.png using Guid(dffef66376be4fa480fb02b19edbe903) Importer(815301076,1909f56bfc062723c751e8b465ee728b)  -> (artifact id: 'd78a27303d38c5bc73b55289faa0930d') in 0.016701 seconds
  Import took 0.019904 seconds .

========================================================================
Received Import Request.
  Time since last request: 7.521731 seconds.
  path: Assets/TextMesh Pro/Resources/Fonts & Materials/LiberationSans SDF.asset
  artifactKey: Guid(8f586378b4e144a9851e7b34d9b748ee) Importer(815301076,1909f56bfc062723c751e8b465ee728b)
Start importing Assets/TextMesh Pro/Resources/Fonts & Materials/LiberationSans SDF.asset using Guid(8f586378b4e144a9851e7b34d9b748ee) Importer(815301076,1909f56bfc062723c751e8b465ee728b)  -> (artifact id: 'f1280cc7be10b532b2897fc8654f95d3') in 0.112676 seconds
  Import took 0.116233 seconds .

========================================================================
Received Import Request.
  Time since last request: 0.000221 seconds.
  path: Assets/TextMesh Pro/Resources/Fonts & Materials/LiberationSans SDF - Fallback.asset
  artifactKey: Guid(2e498d1c8094910479dc3e1b768306a4) Importer(815301076,1909f56bfc062723c751e8b465ee728b)
Start importing Assets/TextMesh Pro/Resources/Fonts & Materials/LiberationSans SDF - Fallback.asset using Guid(2e498d1c8094910479dc3e1b768306a4) Importer(815301076,1909f56bfc062723c751e8b465ee728b)  -> (artifact id: '0d2dfa894048efb12a0356e15affe6bd') in 0.025455 seconds
  Import took 0.028844 seconds .

========================================================================
Received Prepare
Registering precompiled user dll's ...
Registered in 0.002285 seconds.
Begin MonoManager ReloadAssembly
Native extension for WindowsStandalone target not found
Refreshing native plugins compatible for Editor in 0.41 ms, found 3 plugins.
Preloading 0 native plugins for Editor in 0.00 ms.
Mono: successfully reloaded assembly
- Completed reload, in  0.897 seconds
Platform modules already initialized, skipping
Refreshing native plugins compatible for Editor in 0.43 ms, found 3 plugins.
Preloading 0 native plugins for Editor in 0.00 ms.
Unloading 2088 Unused Serialized files (Serialized files now loaded: 0)
System memory in use before: 97.6 MB.
System memory in use after: 97.6 MB.

Unloading 23 unused Assets to reduce memory usage. Loaded Objects now: 2689.
Total: 2.040800 ms (FindLiveObjects: 0.173100 ms CreateObjectMapping: 0.066900 ms MarkObjects: 1.708800 ms  DeleteObjects: 0.091100 ms)

========================================================================
Received Prepare
Registering precompiled user dll's ...
Registered in 0.002573 seconds.
Begin MonoManager ReloadAssembly
Native extension for WindowsStandalone target not found
Refreshing native plugins compatible for Editor in 0.48 ms, found 3 plugins.
Preloading 0 native plugins for Editor in 0.00 ms.
Mono: successfully reloaded assembly
- Completed reload, in  0.952 seconds
Platform modules already initialized, skipping
Refreshing native plugins compatible for Editor in 0.45 ms, found 3 plugins.
Preloading 0 native plugins for Editor in 0.00 ms.
Unloading 2088 Unused Serialized files (Serialized files now loaded: 0)
System memory in use before: 97.6 MB.
System memory in use after: 97.6 MB.

Unloading 23 unused Assets to reduce memory usage. Loaded Objects now: 2693.
Total: 2.072400 ms (FindLiveObjects: 0.184900 ms CreateObjectMapping: 0.072800 ms MarkObjects: 1.700700 ms  DeleteObjects: 0.112900 ms)

========================================================================
Received Prepare
Registering precompiled user dll's ...
Registered in 0.002393 seconds.
Begin MonoManager ReloadAssembly
Native extension for WindowsStandalone target not found
Refreshing native plugins compatible for Editor in 0.41 ms, found 3 plugins.
Preloading 0 native plugins for Editor in 0.00 ms.
Mono: successfully reloaded assembly
- Completed reload, in  0.886 seconds
Platform modules already initialized, skipping
Refreshing native plugins compatible for Editor in 0.47 ms, found 3 plugins.
Preloading 0 native plugins for Editor in 0.00 ms.
Unloading 2088 Unused Serialized files (Serialized files now loaded: 0)
System memory in use before: 97.6 MB.
System memory in use after: 97.6 MB.

Unloading 23 unused Assets to reduce memory usage. Loaded Objects now: 2697.
Total: 2.168900 ms (FindLiveObjects: 0.212400 ms CreateObjectMapping: 0.081600 ms MarkObjects: 1.779000 ms  DeleteObjects: 0.095000 ms)

========================================================================
Received Prepare
Registering precompiled user dll's ...
Registered in 0.002363 seconds.
Begin MonoManager ReloadAssembly
Native extension for WindowsStandalone target not found
Refreshing native plugins compatible for Editor in 0.43 ms, found 3 plugins.
Preloading 0 native plugins for Editor in 0.00 ms.
Mono: successfully reloaded assembly
- Completed reload, in  0.900 seconds
Platform modules already initialized, skipping
Refreshing native plugins compatible for Editor in 0.43 ms, found 3 plugins.
Preloading 0 native plugins for Editor in 0.00 ms.
Unloading 2088 Unused Serialized files (Serialized files now loaded: 0)
System memory in use before: 97.6 MB.
System memory in use after: 97.6 MB.

Unloading 23 unused Assets to reduce memory usage. Loaded Objects now: 2701.
Total: 2.733800 ms (FindLiveObjects: 0.494200 ms CreateObjectMapping: 0.204300 ms MarkObjects: 1.917600 ms  DeleteObjects: 0.116600 ms)

========================================================================
Received Prepare
Registering precompiled user dll's ...
Registered in 0.002391 seconds.
Begin MonoManager ReloadAssembly
Native extension for WindowsStandalone target not found
Refreshing native plugins compatible for Editor in 0.41 ms, found 3 plugins.
Preloading 0 native plugins for Editor in 0.00 ms.
Mono: successfully reloaded assembly
- Completed reload, in  0.875 seconds
Platform modules already initialized, skipping
Refreshing native plugins compatible for Editor in 0.58 ms, found 3 plugins.
Preloading 0 native plugins for Editor in 0.00 ms.
Unloading 2088 Unused Serialized files (Serialized files now loaded: 0)
System memory in use before: 97.7 MB.
System memory in use after: 97.7 MB.

Unloading 23 unused Assets to reduce memory usage. Loaded Objects now: 2705.
Total: 1.999400 ms (FindLiveObjects: 0.188000 ms CreateObjectMapping: 0.061700 ms MarkObjects: 1.648500 ms  DeleteObjects: 0.100400 ms)

========================================================================
Received Prepare
Registering precompiled user dll's ...
Registered in 0.002307 seconds.
Begin MonoManager ReloadAssembly
Native extension for WindowsStandalone target not found
Refreshing native plugins compatible for Editor in 0.43 ms, found 3 plugins.
Preloading 0 native plugins for Editor in 0.00 ms.
Mono: successfully reloaded assembly
- Completed reload, in  0.952 seconds
Platform modules already initialized, skipping
Refreshing native plugins compatible for Editor in 0.54 ms, found 3 plugins.
Preloading 0 native plugins for Editor in 0.00 ms.
Unloading 2088 Unused Serialized files (Serialized files now loaded: 0)
System memory in use before: 97.7 MB.
System memory in use after: 97.7 MB.

Unloading 23 unused Assets to reduce memory usage. Loaded Objects now: 2709.
Total: 2.905000 ms (FindLiveObjects: 0.308700 ms CreateObjectMapping: 0.134900 ms MarkObjects: 2.297700 ms  DeleteObjects: 0.162300 ms)

========================================================================
Received Import Request.
  Time since last request: 902.130797 seconds.
  path: Assets/Sprite/Letters3.png
  artifactKey: Guid(8b9240b180bf33145b13ceb9d32ac768) Importer(815301076,1909f56bfc062723c751e8b465ee728b)
Start importing Assets/Sprite/Letters3.png using Guid(8b9240b180bf33145b13ceb9d32ac768) Importer(815301076,1909f56bfc062723c751e8b465ee728b)  -> (artifact id: '221bc8d660e5f3dc2c04b2624bed2562') in 0.066056 seconds
  Import took 0.069651 seconds .

========================================================================
Received Import Request.
  Time since last request: 0.000198 seconds.
  path: Assets/Sprite/Numbers3.png
  artifactKey: Guid(c60119959c7cacf4c90208d8950b1f06) Importer(815301076,1909f56bfc062723c751e8b465ee728b)
Start importing Assets/Sprite/Numbers3.png using Guid(c60119959c7cacf4c90208d8950b1f06) Importer(815301076,1909f56bfc062723c751e8b465ee728b)  -> (artifact id: 'ae82e766e51592248285ebdf04a9b6a4') in 0.011963 seconds
  Import took 0.015374 seconds .

========================================================================
Received Import Request.
  Time since last request: 0.000147 seconds.
  path: Assets/Sprite/Letters1.png
  artifactKey: Guid(0caf46ef2d2ab1042ae0dfaa1cc88a92) Importer(815301076,1909f56bfc062723c751e8b465ee728b)
Start importing Assets/Sprite/Letters1.png using Guid(0caf46ef2d2ab1042ae0dfaa1cc88a92) Importer(815301076,1909f56bfc062723c751e8b465ee728b)  -> (artifact id: 'e1c92d3e6f4313a95b9ba3f1e2e29b5e') in 0.056058 seconds
  Import took 0.059614 seconds .

========================================================================
Received Import Request.
  Time since last request: 0.000173 seconds.
  path: Assets/Sprite/Numbers1.png
  artifactKey: Guid(a6bdc63d39abbdf43bc360e18e39692f) Importer(815301076,1909f56bfc062723c751e8b465ee728b)
Start importing Assets/Sprite/Numbers1.png using Guid(a6bdc63d39abbdf43bc360e18e39692f) Importer(815301076,1909f56bfc062723c751e8b465ee728b)  -> (artifact id: '4d709646e4fec7f254c825279d561540') in 0.032411 seconds
  Import took 0.035846 seconds .

========================================================================
Received Import Request.
  Time since last request: 0.000308 seconds.
  path: Assets/Sprite/Letters2.png
  artifactKey: Guid(83cc3c1a75320774489f5c5a5010e5e3) Importer(815301076,1909f56bfc062723c751e8b465ee728b)
Start importing Assets/Sprite/Letters2.png using Guid(83cc3c1a75320774489f5c5a5010e5e3) Importer(815301076,1909f56bfc062723c751e8b465ee728b)  -> (artifact id: '382c5166e17a8ad246d24c970062606a') in 0.042497 seconds
  Import took 0.046138 seconds .

========================================================================
Received Import Request.
  Time since last request: 0.000118 seconds.
  path: Assets/Sprite/Numbers2.png
  artifactKey: Guid(4e0acbf57fc14c64b80be2c6a74b7e73) Importer(815301076,1909f56bfc062723c751e8b465ee728b)
Start importing Assets/Sprite/Numbers2.png using Guid(4e0acbf57fc14c64b80be2c6a74b7e73) Importer(815301076,1909f56bfc062723c751e8b465ee728b)  -> (artifact id: '2b6bf18474d453b06ea24b2788793f5b') in 0.011786 seconds
  Import took 0.015253 seconds .

========================================================================
Received Import Request.
  Time since last request: 40.642854 seconds.
  path: Assets/asset.asset
  artifactKey: Guid(5ed72fc3a1e1d254d9150a01b38681e8) Importer(815301076,1909f56bfc062723c751e8b465ee728b)
Start importing Assets/asset.asset using Guid(5ed72fc3a1e1d254d9150a01b38681e8) Importer(815301076,1909f56bfc062723c751e8b465ee728b)  -> (artifact id: 'ad636c61c8162af9ef3b444a7839e0b1') in 0.003293 seconds
  Import took 0.007118 seconds .

========================================================================
Received Prepare
Registering precompiled user dll's ...
Registered in 0.002413 seconds.
Begin MonoManager ReloadAssembly
Native extension for WindowsStandalone target not found
Refreshing native plugins compatible for Editor in 0.52 ms, found 3 plugins.
Preloading 0 native plugins for Editor in 0.00 ms.
Mono: successfully reloaded assembly
- Completed reload, in  0.875 seconds
Platform modules already initialized, skipping
Refreshing native plugins compatible for Editor in 0.42 ms, found 3 plugins.
Preloading 0 native plugins for Editor in 0.00 ms.
Unloading 2088 Unused Serialized files (Serialized files now loaded: 0)
System memory in use before: 97.8 MB.
System memory in use after: 97.9 MB.

Unloading 23 unused Assets to reduce memory usage. Loaded Objects now: 2771.
Total: 2.256500 ms (FindLiveObjects: 0.212000 ms CreateObjectMapping: 0.078500 ms MarkObjects: 1.869400 ms  DeleteObjects: 0.095700 ms)

========================================================================
Received Prepare
Registering precompiled user dll's ...
Registered in 0.002285 seconds.
Begin MonoManager ReloadAssembly
Native extension for WindowsStandalone target not found
Refreshing native plugins compatible for Editor in 0.42 ms, found 3 plugins.
Preloading 0 native plugins for Editor in 0.00 ms.
Mono: successfully reloaded assembly
- Completed reload, in  0.889 seconds
Platform modules already initialized, skipping
Refreshing native plugins compatible for Editor in 0.47 ms, found 3 plugins.
Preloading 0 native plugins for Editor in 0.00 ms.
Unloading 2088 Unused Serialized files (Serialized files now loaded: 0)
System memory in use before: 97.9 MB.
System memory in use after: 97.9 MB.

Unloading 23 unused Assets to reduce memory usage. Loaded Objects now: 2775.
Total: 2.007100 ms (FindLiveObjects: 0.188900 ms CreateObjectMapping: 0.068400 ms MarkObjects: 1.656500 ms  DeleteObjects: 0.092500 ms)

========================================================================
Received Prepare
Registering precompiled user dll's ...
Registered in 0.002527 seconds.
Begin MonoManager ReloadAssembly
Native extension for WindowsStandalone target not found
Refreshing native plugins compatible for Editor in 1.02 ms, found 3 plugins.
Preloading 0 native plugins for Editor in 0.00 ms.
Mono: successfully reloaded assembly
- Completed reload, in  0.870 seconds
Platform modules already initialized, skipping
Refreshing native plugins compatible for Editor in 0.59 ms, found 3 plugins.
Preloading 0 native plugins for Editor in 0.00 ms.
Unloading 2088 Unused Serialized files (Serialized files now loaded: 0)
System memory in use before: 97.9 MB.
System memory in use after: 97.9 MB.

Unloading 23 unused Assets to reduce memory usage. Loaded Objects now: 2779.
Total: 2.225100 ms (FindLiveObjects: 0.213700 ms CreateObjectMapping: 0.090700 ms MarkObjects: 1.818800 ms  DeleteObjects: 0.100800 ms)

========================================================================
Received Prepare
Registering precompiled user dll's ...
Registered in 0.002359 seconds.
Begin MonoManager ReloadAssembly
Native extension for WindowsStandalone target not found
Refreshing native plugins compatible for Editor in 0.41 ms, found 3 plugins.
Preloading 0 native plugins for Editor in 0.00 ms.
Mono: successfully reloaded assembly
- Completed reload, in  0.883 seconds
Platform modules already initialized, skipping
Refreshing native plugins compatible for Editor in 0.44 ms, found 3 plugins.
Preloading 0 native plugins for Editor in 0.00 ms.
Unloading 2088 Unused Serialized files (Serialized files now loaded: 0)
System memory in use before: 97.9 MB.
System memory in use after: 97.9 MB.

Unloading 23 unused Assets to reduce memory usage. Loaded Objects now: 2783.
Total: 2.041700 ms (FindLiveObjects: 0.195900 ms CreateObjectMapping: 0.072000 ms MarkObjects: 1.674700 ms  DeleteObjects: 0.098000 ms)

========================================================================
Received Prepare
Registering precompiled user dll's ...
Registered in 0.002335 seconds.
Begin MonoManager ReloadAssembly
Native extension for WindowsStandalone target not found
Refreshing native plugins compatible for Editor in 0.47 ms, found 3 plugins.
Preloading 0 native plugins for Editor in 0.00 ms.
Mono: successfully reloaded assembly
- Completed reload, in  0.974 seconds
Platform modules already initialized, skipping
Refreshing native plugins compatible for Editor in 0.50 ms, found 3 plugins.
Preloading 0 native plugins for Editor in 0.00 ms.
Unloading 2088 Unused Serialized files (Serialized files now loaded: 0)
System memory in use before: 97.9 MB.
System memory in use after: 98.0 MB.

Unloading 23 unused Assets to reduce memory usage. Loaded Objects now: 2787.
Total: 2.494400 ms (FindLiveObjects: 0.218700 ms CreateObjectMapping: 0.095300 ms MarkObjects: 2.022100 ms  DeleteObjects: 0.157000 ms)

========================================================================
Received Import Request.
  Time since last request: 485.820954 seconds.
  path: Assets/Sprite/Letters3.png
  artifactKey: Guid(8b9240b180bf33145b13ceb9d32ac768) Importer(815301076,1909f56bfc062723c751e8b465ee728b)
Start importing Assets/Sprite/Letters3.png using Guid(8b9240b180bf33145b13ceb9d32ac768) Importer(815301076,1909f56bfc062723c751e8b465ee728b)  -> (artifact id: 'e25bf9589c181dc32d77a599e8fbe09e') in 0.061881 seconds
  Import took 0.065686 seconds .

========================================================================
Received Import Request.
  Time since last request: 0.000195 seconds.
  path: Assets/Sprite/Numbers3.png
  artifactKey: Guid(c60119959c7cacf4c90208d8950b1f06) Importer(815301076,1909f56bfc062723c751e8b465ee728b)
Start importing Assets/Sprite/Numbers3.png using Guid(c60119959c7cacf4c90208d8950b1f06) Importer(815301076,1909f56bfc062723c751e8b465ee728b)  -> (artifact id: 'b88647fcbf27702a9513189253f69696') in 0.011038 seconds
  Import took 0.014558 seconds .

========================================================================
Received Import Request.
  Time since last request: 0.000184 seconds.
  path: Assets/Sprite/Letters1.png
  artifactKey: Guid(0caf46ef2d2ab1042ae0dfaa1cc88a92) Importer(815301076,1909f56bfc062723c751e8b465ee728b)
Start importing Assets/Sprite/Letters1.png using Guid(0caf46ef2d2ab1042ae0dfaa1cc88a92) Importer(815301076,1909f56bfc062723c751e8b465ee728b)  -> (artifact id: '9e0d364fc81d96e7651a3f4097b80bcf') in 0.039928 seconds
  Import took 0.043403 seconds .

========================================================================
Received Import Request.
  Time since last request: 0.000151 seconds.
  path: Assets/Sprite/Numbers1.png
  artifactKey: Guid(a6bdc63d39abbdf43bc360e18e39692f) Importer(815301076,1909f56bfc062723c751e8b465ee728b)
Start importing Assets/Sprite/Numbers1.png using Guid(a6bdc63d39abbdf43bc360e18e39692f) Importer(815301076,1909f56bfc062723c751e8b465ee728b)  -> (artifact id: 'c3190fd929de82a5a06fbd7bf7d53d4c') in 0.028812 seconds
  Import took 0.031789 seconds .

========================================================================
Received Import Request.
  Time since last request: 0.000145 seconds.
  path: Assets/Sprite/Letters1.png
  artifactKey: Guid(0caf46ef2d2ab1042ae0dfaa1cc88a92) Importer(815301076,1909f56bfc062723c751e8b465ee728b)
Start importing Assets/Sprite/Letters1.png using Guid(0caf46ef2d2ab1042ae0dfaa1cc88a92) Importer(815301076,1909f56bfc062723c751e8b465ee728b)  -> (artifact id: '9e0d364fc81d96e7651a3f4097b80bcf') in 0.041467 seconds
  Import took 0.047392 seconds .

========================================================================
Received Import Request.
  Time since last request: 0.000162 seconds.
  path: Assets/Sprite/Letters2.png
  artifactKey: Guid(83cc3c1a75320774489f5c5a5010e5e3) Importer(815301076,1909f56bfc062723c751e8b465ee728b)
Start importing Assets/Sprite/Letters2.png using Guid(83cc3c1a75320774489f5c5a5010e5e3) Importer(815301076,1909f56bfc062723c751e8b465ee728b)  -> (artifact id: 'a6fe1f65611a4d8c69348f06d50ca4c2') in 0.038181 seconds
  Import took 0.041598 seconds .

========================================================================
Received Import Request.
  Time since last request: 0.000165 seconds.
  path: Assets/Sprite/Numbers2.png
  artifactKey: Guid(4e0acbf57fc14c64b80be2c6a74b7e73) Importer(815301076,1909f56bfc062723c751e8b465ee728b)
Start importing Assets/Sprite/Numbers2.png using Guid(4e0acbf57fc14c64b80be2c6a74b7e73) Importer(815301076,1909f56bfc062723c751e8b465ee728b)  -> (artifact id: '28e543c59d035b67113e3c1cb1fbbccf') in 0.011691 seconds
  Import took 0.014807 seconds .

========================================================================
Received Import Request.
  Time since last request: 20.496063 seconds.
  path: Assets/asset.asset
  artifactKey: Guid(5ed72fc3a1e1d254d9150a01b38681e8) Importer(815301076,1909f56bfc062723c751e8b465ee728b)
Start importing Assets/asset.asset using Guid(5ed72fc3a1e1d254d9150a01b38681e8) Importer(815301076,1909f56bfc062723c751e8b465ee728b)  -> (artifact id: '5064545b2e68de8024d22dff19c3c9b2') in 0.004197 seconds
  Import took 0.007689 seconds .

========================================================================
Received Import Request.
  Time since last request: 46.514981 seconds.
  path: Assets/Prefab/Element 1.prefab
  artifactKey: Guid(24183643730a34e4ba42f34f962eb00d) Importer(815301076,1909f56bfc062723c751e8b465ee728b)
Start importing Assets/Prefab/Element 1.prefab using Guid(24183643730a34e4ba42f34f962eb00d) Importer(815301076,1909f56bfc062723c751e8b465ee728b)  -> (artifact id: 'ad76fc1721fd77a9233153fe79f6a871') in 0.017262 seconds
  Import took 0.020554 seconds .

========================================================================
Received Import Request.
  Time since last request: 2.832751 seconds.
  path: Assets/Prefab/Element 1.prefab
  artifactKey: Guid(24183643730a34e4ba42f34f962eb00d) Importer(815301076,1909f56bfc062723c751e8b465ee728b)
Start importing Assets/Prefab/Element 1.prefab using Guid(24183643730a34e4ba42f34f962eb00d) Importer(815301076,1909f56bfc062723c751e8b465ee728b)  -> (artifact id: '5dfaec12e08c763ff201ac0a53a883de') in 0.004380 seconds
  Import took 0.007903 seconds .

========================================================================
Received Prepare
Registering precompiled user dll's ...
Registered in 0.002291 seconds.
Begin MonoManager ReloadAssembly
Native extension for WindowsStandalone target not found
Refreshing native plugins compatible for Editor in 0.41 ms, found 3 plugins.
Preloading 0 native plugins for Editor in 0.00 ms.
Mono: successfully reloaded assembly
- Completed reload, in  0.886 seconds
Platform modules already initialized, skipping
Refreshing native plugins compatible for Editor in 0.43 ms, found 3 plugins.
Preloading 0 native plugins for Editor in 0.00 ms.
Unloading 2088 Unused Serialized files (Serialized files now loaded: 0)
System memory in use before: 97.9 MB.
System memory in use after: 98.0 MB.

Unloading 24 unused Assets to reduce memory usage. Loaded Objects now: 2792.
Total: 2.041400 ms (FindLiveObjects: 0.190500 ms CreateObjectMapping: 0.068900 ms MarkObjects: 1.639500 ms  DeleteObjects: 0.141800 ms)

========================================================================
Received Prepare
Registering precompiled user dll's ...
Registered in 0.002345 seconds.
Begin MonoManager ReloadAssembly
Native extension for WindowsStandalone target not found
Refreshing native plugins compatible for Editor in 0.44 ms, found 3 plugins.
Preloading 0 native plugins for Editor in 0.00 ms.
Mono: successfully reloaded assembly
- Completed reload, in  0.886 seconds
Platform modules already initialized, skipping
Refreshing native plugins compatible for Editor in 0.42 ms, found 3 plugins.
Preloading 0 native plugins for Editor in 0.00 ms.
Unloading 2088 Unused Serialized files (Serialized files now loaded: 0)
System memory in use before: 97.9 MB.
System memory in use after: 98.0 MB.

Unloading 23 unused Assets to reduce memory usage. Loaded Objects now: 2796.
Total: 2.033600 ms (FindLiveObjects: 0.219000 ms CreateObjectMapping: 0.089400 ms MarkObjects: 1.626600 ms  DeleteObjects: 0.097700 ms)

========================================================================
Received Prepare
Registering precompiled user dll's ...
Registered in 0.002633 seconds.
Begin MonoManager ReloadAssembly
Native extension for WindowsStandalone target not found
Refreshing native plugins compatible for Editor in 0.41 ms, found 3 plugins.
Preloading 0 native plugins for Editor in 0.00 ms.
Mono: successfully reloaded assembly
- Completed reload, in  1.068 seconds
Platform modules already initialized, skipping
Switching build target platform(19) subTarget(0) extendedPlatform(0) -> platform(13) subTarget(537395200) extendedPlatform(0)
Refreshing native plugins compatible for Editor in 0.67 ms, found 3 plugins.
Preloading 0 native plugins for Editor in 0.00 ms.
Unloading 2092 Unused Serialized files (Serialized files now loaded: 0)
System memory in use before: 97.8 MB.
System memory in use after: 97.9 MB.

Unloading 23 unused Assets to reduce memory usage. Loaded Objects now: 2800.
Total: 2.233500 ms (FindLiveObjects: 0.235100 ms CreateObjectMapping: 0.097800 ms MarkObjects: 1.795600 ms  DeleteObjects: 0.104100 ms)

AssetImportParameters requested are different than current active one (requested -> active):
  custom:graphics/normal-map-encoding: 01000000000000000000000000000000 -> 02000000000000000000000000000000
========================================================================
Received Prepare
Refreshing native plugins compatible for Editor in 2.62 ms, found 3 plugins.
Preloading 0 native plugins for Editor in 0.00 ms.
Unloading 21 Unused Serialized files (Serialized files now loaded: 0)
System memory in use before: 56.9 MB.
System memory in use after: 57.0 MB.

Unloading 21 unused Assets to reduce memory usage. Loaded Objects now: 2800.
Total: 2.068200 ms (FindLiveObjects: 0.218000 ms CreateObjectMapping: 0.095800 ms MarkObjects: 1.656700 ms  DeleteObjects: 0.097000 ms)

========================================================================
Received Prepare
Refreshing native plugins compatible for Editor in 2.35 ms, found 3 plugins.
Preloading 0 native plugins for Editor in 0.00 ms.
Unloading 21 Unused Serialized files (Serialized files now loaded: 0)
System memory in use before: 56.9 MB.
System memory in use after: 57.0 MB.

Unloading 21 unused Assets to reduce memory usage. Loaded Objects now: 2800.
Total: 2.105600 ms (FindLiveObjects: 0.227400 ms CreateObjectMapping: 0.091600 ms MarkObjects: 1.694100 ms  DeleteObjects: 0.091800 ms)

========================================================================
Received Prepare
Registering precompiled user dll's ...
Registered in 0.002355 seconds.
Begin MonoManager ReloadAssembly
Native extension for WindowsStandalone target not found
Refreshing native plugins compatible for Editor in 0.44 ms, found 3 plugins.
Preloading 0 native plugins for Editor in 0.00 ms.
Mono: successfully reloaded assembly
- Completed reload, in  1.055 seconds
Platform modules already initialized, skipping
Switching build target platform(19) subTarget(0) extendedPlatform(0) -> platform(13) subTarget(537395200) extendedPlatform(0)
Refreshing native plugins compatible for Editor in 0.51 ms, found 3 plugins.
Preloading 0 native plugins for Editor in 0.00 ms.
Unloading 2092 Unused Serialized files (Serialized files now loaded: 0)
System memory in use before: 97.8 MB.
System memory in use after: 97.9 MB.

Unloading 23 unused Assets to reduce memory usage. Loaded Objects now: 2804.
Total: 2.172600 ms (FindLiveObjects: 0.253600 ms CreateObjectMapping: 0.092700 ms MarkObjects: 1.723000 ms  DeleteObjects: 0.102400 ms)

AssetImportParameters requested are different than current active one (requested -> active):
  custom:graphics/normal-map-encoding: 01000000000000000000000000000000 -> 02000000000000000000000000000000
========================================================================
Received Import Request.
  Time since last request: 302.725363 seconds.
  path: Assets/Sprite/Buttons.png
  artifactKey: Guid(c62d6a013af6eb747bebeca079e10808) Importer(815301076,1909f56bfc062723c751e8b465ee728b)
Start importing Assets/Sprite/Buttons.png using Guid(c62d6a013af6eb747bebeca079e10808) Importer(815301076,1909f56bfc062723c751e8b465ee728b)  -> (artifact id: 'b607d414e795486f2df4ee8b5b1a3ea9') in 0.059475 seconds
  Import took 0.062586 seconds .

========================================================================
Received Import Request.
  Time since last request: 0.000227 seconds.
  path: Assets/Sprite/Letters3.png
  artifactKey: Guid(8b9240b180bf33145b13ceb9d32ac768) Importer(815301076,1909f56bfc062723c751e8b465ee728b)
Start importing Assets/Sprite/Letters3.png using Guid(8b9240b180bf33145b13ceb9d32ac768) Importer(815301076,1909f56bfc062723c751e8b465ee728b)  -> (artifact id: '87278cc157f5dc686c15b418ce5e9736') in 0.038264 seconds
  Import took 0.041340 seconds .

========================================================================
Received Import Request.
  Time since last request: 0.000223 seconds.
  path: Assets/Sprite/Numbers3.png
  artifactKey: Guid(c60119959c7cacf4c90208d8950b1f06) Importer(815301076,1909f56bfc062723c751e8b465ee728b)
Start importing Assets/Sprite/Numbers3.png using Guid(c60119959c7cacf4c90208d8950b1f06) Importer(815301076,1909f56bfc062723c751e8b465ee728b)  -> (artifact id: 'a1d1ea0364264df61b75562b33e42f4f') in 0.032227 seconds
  Import took 0.035032 seconds .

========================================================================
Received Import Request.
  Time since last request: 0.000167 seconds.
  path: Assets/Sprite/General_Circle_256.png
  artifactKey: Guid(cb43ccefbe5b45144b0d545dc076a721) Importer(815301076,1909f56bfc062723c751e8b465ee728b)
Start importing Assets/Sprite/General_Circle_256.png using Guid(cb43ccefbe5b45144b0d545dc076a721) Importer(815301076,1909f56bfc062723c751e8b465ee728b)  -> (artifact id: 'dbb96206acc3b2d0faa78f34acf97b3d') in 0.054049 seconds
  Import took 0.057050 seconds .

========================================================================
Received Import Request.
  Time since last request: 0.000185 seconds.
  path: Assets/Sprite/Letter_By_Sound_Icons.png
  artifactKey: Guid(d725bb76baf0a1d409939eea113b96d4) Importer(815301076,1909f56bfc062723c751e8b465ee728b)
Start importing Assets/Sprite/Letter_By_Sound_Icons.png using Guid(d725bb76baf0a1d409939eea113b96d4) Importer(815301076,1909f56bfc062723c751e8b465ee728b)  -> (artifact id: 'cf709c0da22178ac1763ddbb6aaa4cb0') in 0.011784 seconds
  Import took 0.014764 seconds .

========================================================================
Received Import Request.
  Time since last request: 0.000209 seconds.
  path: Assets/Sprite/Letters1.png
  artifactKey: Guid(0caf46ef2d2ab1042ae0dfaa1cc88a92) Importer(815301076,1909f56bfc062723c751e8b465ee728b)
Start importing Assets/Sprite/Letters1.png using Guid(0caf46ef2d2ab1042ae0dfaa1cc88a92) Importer(815301076,1909f56bfc062723c751e8b465ee728b)  -> (artifact id: '411eb876e3d9e9bf5dc82f21cc696381') in 0.081161 seconds
  Import took 0.086668 seconds .

========================================================================
Received Import Request.
  Time since last request: 0.000185 seconds.
  path: Assets/Sprite/Numbers1.png
  artifactKey: Guid(a6bdc63d39abbdf43bc360e18e39692f) Importer(815301076,1909f56bfc062723c751e8b465ee728b)
Start importing Assets/Sprite/Numbers1.png using Guid(a6bdc63d39abbdf43bc360e18e39692f) Importer(815301076,1909f56bfc062723c751e8b465ee728b)  -> (artifact id: '88e008101ed7b2e54b6e1e4f7e6b108b') in 0.067087 seconds
  Import took 0.070056 seconds .

========================================================================
Received Import Request.
  Time since last request: 0.000182 seconds.
  path: Assets/Sprite/Letters2.png
  artifactKey: Guid(83cc3c1a75320774489f5c5a5010e5e3) Importer(815301076,1909f56bfc062723c751e8b465ee728b)
Start importing Assets/Sprite/Letters2.png using Guid(83cc3c1a75320774489f5c5a5010e5e3) Importer(815301076,1909f56bfc062723c751e8b465ee728b)  -> (artifact id: 'b467d04fed47f9ee476651f15460ba5b') in 0.062299 seconds
  Import took 0.065368 seconds .

========================================================================
Received Import Request.
  Time since last request: 0.000171 seconds.
  path: Assets/Sprite/Numbers2.png
  artifactKey: Guid(4e0acbf57fc14c64b80be2c6a74b7e73) Importer(815301076,1909f56bfc062723c751e8b465ee728b)
Start importing Assets/Sprite/Numbers2.png using Guid(4e0acbf57fc14c64b80be2c6a74b7e73) Importer(815301076,1909f56bfc062723c751e8b465ee728b)  -> (artifact id: '76d7db0c2c0d79aee8b3a3b23364c294') in 0.017651 seconds
  Import took 0.020705 seconds .

========================================================================
Received Prepare
Registering precompiled user dll's ...
Registered in 0.002384 seconds.
Begin MonoManager ReloadAssembly
Native extension for WindowsStandalone target not found
Refreshing native plugins compatible for Editor in 0.52 ms, found 3 plugins.
Preloading 0 native plugins for Editor in 0.00 ms.
Mono: successfully reloaded assembly
- Completed reload, in  1.128 seconds
Platform modules already initialized, skipping
Switching build target platform(19) subTarget(0) extendedPlatform(0) -> platform(13) subTarget(537395200) extendedPlatform(0)
Refreshing native plugins compatible for Editor in 0.43 ms, found 3 plugins.
Preloading 0 native plugins for Editor in 0.00 ms.
Unloading 2092 Unused Serialized files (Serialized files now loaded: 0)
System memory in use before: 97.9 MB.
System memory in use after: 97.9 MB.

Unloading 23 unused Assets to reduce memory usage. Loaded Objects now: 2813.
Total: 2.007300 ms (FindLiveObjects: 0.211000 ms CreateObjectMapping: 0.083400 ms MarkObjects: 1.618600 ms  DeleteObjects: 0.093500 ms)

AssetImportParameters requested are different than current active one (requested -> active):
  custom:graphics/normal-map-encoding: 01000000000000000000000000000000 -> 02000000000000000000000000000000
========================================================================
Received Import Request.
  Time since last request: 14.841362 seconds.
  path: Assets/Sprite/Letters3.png
  artifactKey: Guid(8b9240b180bf33145b13ceb9d32ac768) Importer(815301076,1909f56bfc062723c751e8b465ee728b)
Start importing Assets/Sprite/Letters3.png using Guid(8b9240b180bf33145b13ceb9d32ac768) Importer(815301076,1909f56bfc062723c751e8b465ee728b)  -> (artifact id: 'e6274c0697129242d090974749331247') in 0.089349 seconds
  Import took 0.095523 seconds .

========================================================================
Received Import Request.
  Time since last request: 0.000415 seconds.
  path: Assets/Sprite/Numbers3.png
  artifactKey: Guid(c60119959c7cacf4c90208d8950b1f06) Importer(815301076,1909f56bfc062723c751e8b465ee728b)
Start importing Assets/Sprite/Numbers3.png using Guid(c60119959c7cacf4c90208d8950b1f06) Importer(815301076,1909f56bfc062723c751e8b465ee728b)  -> (artifact id: 'fdca061684d88f1e1f7e9798eb0efc07') in 0.015459 seconds
  Import took 0.019927 seconds .

========================================================================
Received Import Request.
  Time since last request: 0.000204 seconds.
  path: Assets/Sprite/Letters1.png
  artifactKey: Guid(0caf46ef2d2ab1042ae0dfaa1cc88a92) Importer(815301076,1909f56bfc062723c751e8b465ee728b)
Start importing Assets/Sprite/Letters1.png using Guid(0caf46ef2d2ab1042ae0dfaa1cc88a92) Importer(815301076,1909f56bfc062723c751e8b465ee728b)  -> (artifact id: '61de7709d85418dbb2583b80407298cd') in 0.043754 seconds
  Import took 0.046441 seconds .

========================================================================
Received Import Request.
  Time since last request: 0.000194 seconds.
  path: Assets/Sprite/Numbers1.png
  artifactKey: Guid(a6bdc63d39abbdf43bc360e18e39692f) Importer(815301076,1909f56bfc062723c751e8b465ee728b)
Start importing Assets/Sprite/Numbers1.png using Guid(a6bdc63d39abbdf43bc360e18e39692f) Importer(815301076,1909f56bfc062723c751e8b465ee728b)  -> (artifact id: '03a4a64960346c8f63540cc5be630a71') in 0.031233 seconds
  Import took 0.034045 seconds .

========================================================================
Received Import Request.
  Time since last request: 0.000152 seconds.
  path: Assets/Sprite/Letters2.png
  artifactKey: Guid(83cc3c1a75320774489f5c5a5010e5e3) Importer(815301076,1909f56bfc062723c751e8b465ee728b)
Start importing Assets/Sprite/Letters2.png using Guid(83cc3c1a75320774489f5c5a5010e5e3) Importer(815301076,1909f56bfc062723c751e8b465ee728b)  -> (artifact id: 'ed5534b67294cdeaa74f9531c48e6f49') in 0.041744 seconds
  Import took 0.045372 seconds .

========================================================================
Received Import Request.
  Time since last request: 0.000193 seconds.
  path: Assets/Sprite/Numbers2.png
  artifactKey: Guid(4e0acbf57fc14c64b80be2c6a74b7e73) Importer(815301076,1909f56bfc062723c751e8b465ee728b)
Start importing Assets/Sprite/Numbers2.png using Guid(4e0acbf57fc14c64b80be2c6a74b7e73) Importer(815301076,1909f56bfc062723c751e8b465ee728b)  -> (artifact id: '2cbd0d87721981045d641b9344723dd6') in 0.011213 seconds
  Import took 0.013861 seconds .

========================================================================
Received Prepare
Registering precompiled user dll's ...
Registered in 0.002292 seconds.
Begin MonoManager ReloadAssembly
Native extension for WindowsStandalone target not found
Refreshing native plugins compatible for Editor in 0.41 ms, found 3 plugins.
Preloading 0 native plugins for Editor in 0.00 ms.
Mono: successfully reloaded assembly
- Completed reload, in  1.040 seconds
Platform modules already initialized, skipping
Switching build target platform(19) subTarget(0) extendedPlatform(0) -> platform(13) subTarget(537395200) extendedPlatform(0)
Refreshing native plugins compatible for Editor in 0.43 ms, found 3 plugins.
Preloading 0 native plugins for Editor in 0.00 ms.
Unloading 2092 Unused Serialized files (Serialized files now loaded: 0)
System memory in use before: 97.9 MB.
System memory in use after: 97.9 MB.

Unloading 23 unused Assets to reduce memory usage. Loaded Objects now: 2818.
Total: 2.193700 ms (FindLiveObjects: 0.216300 ms CreateObjectMapping: 0.082300 ms MarkObjects: 1.793000 ms  DeleteObjects: 0.101400 ms)

AssetImportParameters requested are different than current active one (requested -> active):
  custom:graphics/normal-map-encoding: 01000000000000000000000000000000 -> 02000000000000000000000000000000
========================================================================
Received Prepare
Registering precompiled user dll's ...
Registered in 0.002303 seconds.
Begin MonoManager ReloadAssembly
Native extension for WindowsStandalone target not found
Refreshing native plugins compatible for Editor in 0.42 ms, found 3 plugins.
Preloading 0 native plugins for Editor in 0.00 ms.
Mono: successfully reloaded assembly
- Completed reload, in  1.049 seconds
Platform modules already initialized, skipping
Switching build target platform(19) subTarget(0) extendedPlatform(0) -> platform(13) subTarget(537395200) extendedPlatform(0)
Refreshing native plugins compatible for Editor in 0.64 ms, found 3 plugins.
Preloading 0 native plugins for Editor in 0.00 ms.
Unloading 2092 Unused Serialized files (Serialized files now loaded: 0)
System memory in use before: 97.9 MB.
System memory in use after: 98.0 MB.

Unloading 23 unused Assets to reduce memory usage. Loaded Objects now: 2822.
Total: 2.098900 ms (FindLiveObjects: 0.222400 ms CreateObjectMapping: 0.089300 ms MarkObjects: 1.690200 ms  DeleteObjects: 0.096100 ms)

AssetImportParameters requested are different than current active one (requested -> active):
  custom:graphics/normal-map-encoding: 01000000000000000000000000000000 -> 02000000000000000000000000000000
========================================================================
Received Prepare
Registering precompiled user dll's ...
Registered in 0.002243 seconds.
Begin MonoManager ReloadAssembly
Native extension for WindowsStandalone target not found
Refreshing native plugins compatible for Editor in 0.66 ms, found 3 plugins.
Preloading 0 native plugins for Editor in 0.00 ms.
Mono: successfully reloaded assembly
- Completed reload, in  1.049 seconds
Platform modules already initialized, skipping
Switching build target platform(19) subTarget(0) extendedPlatform(0) -> platform(13) subTarget(537395200) extendedPlatform(0)
Refreshing native plugins compatible for Editor in 0.43 ms, found 3 plugins.
Preloading 0 native plugins for Editor in 0.00 ms.
Unloading 2092 Unused Serialized files (Serialized files now loaded: 0)
System memory in use before: 97.9 MB.
System memory in use after: 98.0 MB.

Unloading 23 unused Assets to reduce memory usage. Loaded Objects now: 2826.
Total: 2.085600 ms (FindLiveObjects: 0.206300 ms CreateObjectMapping: 0.076100 ms MarkObjects: 1.677400 ms  DeleteObjects: 0.125000 ms)

AssetImportParameters requested are different than current active one (requested -> active):
  custom:graphics/normal-map-encoding: 01000000000000000000000000000000 -> 02000000000000000000000000000000
========================================================================
Received Import Request.
  Time since last request: 89.263679 seconds.
  path: Assets/Sprite/Letters1.png
  artifactKey: Guid(0caf46ef2d2ab1042ae0dfaa1cc88a92) Importer(815301076,1909f56bfc062723c751e8b465ee728b)
Start importing Assets/Sprite/Letters1.png using Guid(0caf46ef2d2ab1042ae0dfaa1cc88a92) Importer(815301076,1909f56bfc062723c751e8b465ee728b)  -> (artifact id: 'be1ba79a15d9dc8fa3082d4fbb9c2535') in 0.102793 seconds
  Import took 0.105838 seconds .

========================================================================
Received Import Request.
  Time since last request: 0.000225 seconds.
  path: Assets/Sprite/Letters3.png
  artifactKey: Guid(8b9240b180bf33145b13ceb9d32ac768) Importer(815301076,1909f56bfc062723c751e8b465ee728b)
Start importing Assets/Sprite/Letters3.png using Guid(8b9240b180bf33145b13ceb9d32ac768) Importer(815301076,1909f56bfc062723c751e8b465ee728b)  -> (artifact id: 'c169b11bbb6c0d7da73878b7f696cafa') in 0.017553 seconds
  Import took 0.020364 seconds .

========================================================================
Received Import Request.
  Time since last request: 0.000226 seconds.
  path: Assets/Sprite/Numbers3.png
  artifactKey: Guid(c60119959c7cacf4c90208d8950b1f06) Importer(815301076,1909f56bfc062723c751e8b465ee728b)
Start importing Assets/Sprite/Numbers3.png using Guid(c60119959c7cacf4c90208d8950b1f06) Importer(815301076,1909f56bfc062723c751e8b465ee728b)  -> (artifact id: '8eb2fc4b9c7c068c509434450342f3d9') in 0.014461 seconds
  Import took 0.017208 seconds .

========================================================================
Received Import Request.
  Time since last request: 0.000218 seconds.
  path: Assets/Sprite/Numbers1.png
  artifactKey: Guid(a6bdc63d39abbdf43bc360e18e39692f) Importer(815301076,1909f56bfc062723c751e8b465ee728b)
Start importing Assets/Sprite/Numbers1.png using Guid(a6bdc63d39abbdf43bc360e18e39692f) Importer(815301076,1909f56bfc062723c751e8b465ee728b)  -> (artifact id: '45969a78e858160429597580c9e6be40') in 0.042598 seconds
  Import took 0.045285 seconds .

========================================================================
Received Import Request.
  Time since last request: 0.000219 seconds.
  path: Assets/Sprite/Letters2.png
  artifactKey: Guid(83cc3c1a75320774489f5c5a5010e5e3) Importer(815301076,1909f56bfc062723c751e8b465ee728b)
Start importing Assets/Sprite/Letters2.png using Guid(83cc3c1a75320774489f5c5a5010e5e3) Importer(815301076,1909f56bfc062723c751e8b465ee728b)  -> (artifact id: '0520403f5b4227c5415651799fdbca91') in 0.069758 seconds
  Import took 0.072673 seconds .

========================================================================
Received Import Request.
  Time since last request: 0.000188 seconds.
  path: Assets/Sprite/Numbers2.png
  artifactKey: Guid(4e0acbf57fc14c64b80be2c6a74b7e73) Importer(815301076,1909f56bfc062723c751e8b465ee728b)
Start importing Assets/Sprite/Numbers2.png using Guid(4e0acbf57fc14c64b80be2c6a74b7e73) Importer(815301076,1909f56bfc062723c751e8b465ee728b)  -> (artifact id: '106c6dd998f0c13af6cb9e76ceeab5f5') in 0.022072 seconds
  Import took 0.025718 seconds .

========================================================================
Received Prepare
Registering precompiled user dll's ...
Registered in 0.002339 seconds.
Begin MonoManager ReloadAssembly
Native extension for WindowsStandalone target not found
Refreshing native plugins compatible for Editor in 0.69 ms, found 3 plugins.
Preloading 0 native plugins for Editor in 0.00 ms.
Mono: successfully reloaded assembly
- Completed reload, in  1.052 seconds
Platform modules already initialized, skipping
Switching build target platform(19) subTarget(0) extendedPlatform(0) -> platform(13) subTarget(537395200) extendedPlatform(0)
Refreshing native plugins compatible for Editor in 0.41 ms, found 3 plugins.
Preloading 0 native plugins for Editor in 0.00 ms.
Unloading 2092 Unused Serialized files (Serialized files now loaded: 0)
System memory in use before: 97.9 MB.
System memory in use after: 98.0 MB.

Unloading 23 unused Assets to reduce memory usage. Loaded Objects now: 2831.
Total: 2.125600 ms (FindLiveObjects: 0.220800 ms CreateObjectMapping: 0.079800 ms MarkObjects: 1.727600 ms  DeleteObjects: 0.096100 ms)

AssetImportParameters requested are different than current active one (requested -> active):
  custom:graphics/normal-map-encoding: 01000000000000000000000000000000 -> 02000000000000000000000000000000
========================================================================
Received Prepare
Registering precompiled user dll's ...
Registered in 0.002884 seconds.
Begin MonoManager ReloadAssembly
Native extension for WindowsStandalone target not found
Refreshing native plugins compatible for Editor in 0.42 ms, found 3 plugins.
Preloading 0 native plugins for Editor in 0.00 ms.
Mono: successfully reloaded assembly
- Completed reload, in  1.088 seconds
Platform modules already initialized, skipping
Switching build target platform(19) subTarget(0) extendedPlatform(0) -> platform(13) subTarget(537395200) extendedPlatform(0)
Refreshing native plugins compatible for Editor in 0.40 ms, found 3 plugins.
Preloading 0 native plugins for Editor in 0.00 ms.
Unloading 2092 Unused Serialized files (Serialized files now loaded: 0)
System memory in use before: 97.9 MB.
System memory in use after: 98.0 MB.

Unloading 23 unused Assets to reduce memory usage. Loaded Objects now: 2835.
Total: 2.327300 ms (FindLiveObjects: 0.191100 ms CreateObjectMapping: 0.067600 ms MarkObjects: 1.969200 ms  DeleteObjects: 0.098500 ms)

AssetImportParameters requested are different than current active one (requested -> active):
  custom:graphics/normal-map-encoding: 01000000000000000000000000000000 -> 02000000000000000000000000000000
========================================================================
Received Prepare
Refreshing native plugins compatible for Editor in 2.49 ms, found 3 plugins.
Preloading 0 native plugins for Editor in 0.00 ms.
Unloading 21 Unused Serialized files (Serialized files now loaded: 0)
System memory in use before: 57.0 MB.
System memory in use after: 57.1 MB.

Unloading 21 unused Assets to reduce memory usage. Loaded Objects now: 2835.
Total: 1.992500 ms (FindLiveObjects: 0.202300 ms CreateObjectMapping: 0.080800 ms MarkObjects: 1.616100 ms  DeleteObjects: 0.092500 ms)

AssetImportWorkerClient::OnTransportError - code=2 error=End of file
